0 info it worked if it ends with ok
1 verbose cli [ 'C:\\Program Files\\nodejs\\node.exe',
1 verbose cli   'C:\\Program Files\\nodejs\\node_modules\\npm\\bin\\npm-cli.js',
1 verbose cli   'run',
1 verbose cli   'build-watch' ]
2 info using npm@3.10.10
3 info using node@v6.11.1
4 verbose run-script [ 'prebuild-watch', 'build-watch', 'postbuild-watch' ]
5 info lifecycle fractal-image@1.0.0~prebuild-watch: fractal-image@1.0.0
6 silly lifecycle fractal-image@1.0.0~prebuild-watch: no script for prebuild-watch, continuing
7 info lifecycle fractal-image@1.0.0~build-watch: fractal-image@1.0.0
8 verbose lifecycle fractal-image@1.0.0~build-watch: unsafe-perm in lifecycle true
9 verbose lifecycle fractal-image@1.0.0~build-watch: PATH: C:\Program Files\nodejs\node_modules\npm\bin\node-gyp-bin;C:\Langs\JavaScript\fractal-image\node_modules\.bin;C:\ProgramData\Oracle\Java\javapath;C:\Program Files (x86)\Intel\iCLS Client\;C:\Program Files\Intel\iCLS Client\;C:\WINDOWS\system32;C:\WINDOWS;C:\WINDOWS\System32\Wbem;C:\WINDOWS\System32\WindowsPowerShell\v1.0\;C:\Program Files (x86)\Intel\Intel(R) Management Engine Components\DAL;C:\Program Files\Intel\Intel(R) Management Engine Components\DAL;C:\Program Files (x86)\Intel\Intel(R) Management Engine Components\IPT;C:\Program Files\Intel\Intel(R) Management Engine Components\IPT;C:\Program Files (x86)\NVIDIA Corporation\PhysX\Common;C:\WINDOWS\system32;C:\WINDOWS;C:\WINDOWS\System32\Wbem;C:\WINDOWS\System32\WindowsPowerShell\v1.0\;C:\Program Files (x86)\QuickTime\QTSystem\;C:\Program Files\Git\cmd;C:\Program Files (x86)\WinSCP\;C:\Program Files (x86)\Skype\Phone\;C:\Program Files\nodejs\;C:\Program Files (x86)\GitExtensions\;C:\Program Files\PuTTY\;C:\Program Files (x86)\Yarn\bin;C:\Python27\Scripts;C:\Python27\;C:\Users\Алексей\AppData\Local\Programs\Python\Python35-32\Scripts\;C:\Users\Алексей\AppData\Local\Programs\Python\Python35-32\;C:\Users\Алексей\AppData\Local\Microsoft\WindowsApps;C:\Program Files\Java\jdk1.8.0_112\bin;C:\Users\Алексей\AppData\Local\Programs\Python\Python35-32;C:\Users\Алексей\AppData\Local\Programs\Python\Python35-32\Scripts;C:\Program Files\Git\usr\bin;C:\Program Files\Heroku\bin;.\node_modules\.bin;C:\Users\Алексей\AppData\Roaming\npm;C:\Program Files\Microsoft VS Code\bin;C:\Users\Алексей\AppData\Local\Yarn\bin
10 verbose lifecycle fractal-image@1.0.0~build-watch: CWD: C:\Langs\JavaScript\fractal-image
11 silly lifecycle fractal-image@1.0.0~build-watch: Args: [ '/d /s /c',
11 silly lifecycle   'npm run lint && nodemon -e js,css,html,ejs --exec ts-node -- .\\src\\index.ts' ]
12 verbose stack Error: kill ENOSYS
12 verbose stack     at exports._errnoException (util.js:1018:11)
12 verbose stack     at process.kill (internal/process.js:190:13)
12 verbose stack     at process.listener (C:\Program Files\nodejs\node_modules\npm\node_modules\npmlog\node_modules\gauge\node_modules\signal-exit\index.js:86:15)
12 verbose stack     at emitNone (events.js:91:20)
12 verbose stack     at process.emit (events.js:185:7)
12 verbose stack     at processEmit (C:\Program Files\nodejs\node_modules\npm\node_modules\npmlog\node_modules\gauge\node_modules\signal-exit\index.js:146:32)
12 verbose stack     at processEmit (C:\Program Files\nodejs\node_modules\npm\node_modules\npm-registry-client\node_modules\npmlog\node_modules\gauge\node_modules\signal-exit\index.js:146:32)
12 verbose stack     at Signal.wrap.onsignal (internal/process.js:217:44)
13 verbose cwd C:\Langs\JavaScript\fractal-image
14 error Windows_NT 10.0.15063
15 error argv "C:\\Program Files\\nodejs\\node.exe" "C:\\Program Files\\nodejs\\node_modules\\npm\\bin\\npm-cli.js" "run" "build-watch"
16 error node v6.11.1
17 error npm  v3.10.10
18 error code ENOSYS
19 error errno ENOSYS
20 error syscall kill
21 error kill ENOSYS
22 error If you need help, you may report this error at:
22 error     <https://github.com/npm/npm/issues>
23 verbose exit [ 1, true ]
